<?xml version="1.0" encoding="UTF-8"?>
<!-- Generated by org.testng.reporters.JUnitXMLReporter -->
<testsuite hostname="Nadias-MacBook-Pro.local" ignored="0" name="Default test" tests="5" failures="0" timestamp="2021-09-18T21:03:04 EET" time="4.558" errors="0">
  <testcase name="chooseLanguage" time="0.867" classname="tests.searchLeason"/>
  <testcase name="leasonSearch" time="1.226" classname="tests.searchLeason"/>
  <testcase name="selectSpecificLesson" time="1.058" classname="tests.searchLeason"/>
  <testcase name="clickLessonWorkSheet" time="1.286" classname="tests.searchLeason"/>
  <testcase name="countWorkSheetQuestions" time="0.094" classname="tests.searchLeason"/>
</testsuite> <!-- Default test -->
