<?xml version="1.0" encoding="UTF-8"?>
<!-- Generated by org.testng.reporters.JUnitXMLReporter -->
<testsuite hostname="Nadias-MacBook-Pro.local" ignored="0" name="Initialize" tests="5" failures="0" timestamp="2021-09-19T00:20:53 EET" time="4.139" errors="0">
  <testcase name="chooseLanguage" time="0.876" classname="tests.searchLesson"/>
  <testcase name="leasonSearch" time="0.962" classname="tests.searchLesson"/>
  <testcase name="selectSpecificLesson" time="0.96" classname="tests.searchLesson"/>
  <testcase name="clickLessonWorkSheet" time="1.263" classname="tests.searchLesson"/>
  <testcase name="countWorkSheetQuestions" time="0.047" classname="tests.searchLesson"/>
</testsuite> <!-- Initialize -->
