<?xml version="1.0" encoding="UTF-8"?>
<testng-results skipped="0" failed="0" ignored="0" total="5" passed="5">
  <reporter-output>
  </reporter-output>
  <suite name="Test Suite" duration-ms="4139" started-at="2021-09-19T00:20:49 EET" finished-at="2021-09-19T00:20:53 EET">
    <groups>
    </groups>
    <test name="Initialize" duration-ms="4139" started-at="2021-09-19T00:20:49 EET" finished-at="2021-09-19T00:20:53 EET">
      <class name="tests.searchLesson">
        <test-method status="PASS" signature="webDriver()[pri:0, instance:tests.searchLesson@2a556333]" name="webDriver" is-config="true" duration-ms="9879" started-at="2021-09-19T00:20:39 EET" finished-at="2021-09-19T00:20:49 EET">
          <reporter-output>
          </reporter-output>
        </test-method> <!-- webDriver -->
        <test-method status="PASS" signature="chooseLanguage()[pri:1, instance:tests.searchLesson@2a556333]" name="chooseLanguage" duration-ms="876" started-at="2021-09-19T00:20:49 EET" finished-at="2021-09-19T00:20:50 EET">
          <reporter-output>
          </reporter-output>
        </test-method> <!-- chooseLanguage -->
        <test-method status="PASS" signature="leasonSearch()[pri:2, instance:tests.searchLesson@2a556333]" name="leasonSearch" duration-ms="962" started-at="2021-09-19T00:20:50 EET" finished-at="2021-09-19T00:20:51 EET">
          <reporter-output>
          </reporter-output>
        </test-method> <!-- leasonSearch -->
        <test-method status="PASS" signature="selectSpecificLesson()[pri:3, instance:tests.searchLesson@2a556333]" name="selectSpecificLesson" duration-ms="960" started-at="2021-09-19T00:20:51 EET" finished-at="2021-09-19T00:20:52 EET">
          <reporter-output>
          </reporter-output>
        </test-method> <!-- selectSpecificLesson -->
        <test-method status="PASS" signature="clickLessonWorkSheet()[pri:4, instance:tests.searchLesson@2a556333]" name="clickLessonWorkSheet" duration-ms="1263" started-at="2021-09-19T00:20:52 EET" finished-at="2021-09-19T00:20:53 EET">
          <reporter-output>
          </reporter-output>
        </test-method> <!-- clickLessonWorkSheet -->
        <test-method status="PASS" signature="countWorkSheetQuestions()[pri:5, instance:tests.searchLesson@2a556333]" name="countWorkSheetQuestions" duration-ms="47" started-at="2021-09-19T00:20:53 EET" finished-at="2021-09-19T00:20:53 EET">
          <reporter-output>
          </reporter-output>
        </test-method> <!-- countWorkSheetQuestions -->
        <test-method status="PASS" signature="stopDriver()[pri:0, instance:tests.searchLesson@2a556333]" name="stopDriver" is-config="true" duration-ms="153" started-at="2021-09-19T00:20:53 EET" finished-at="2021-09-19T00:20:53 EET">
          <reporter-output>
          </reporter-output>
        </test-method> <!-- stopDriver -->
      </class> <!-- tests.searchLesson -->
    </test> <!-- Initialize -->
  </suite> <!-- Test Suite -->
</testng-results>
